<?xml version="1.0" encoding="utf-8"?><testsuites name="pytest tests"><testsuite name="pytest" errors="0" failures="0" skipped="0" tests="4" time="0.373" timestamp="2026-09-13T09:41:41.199737+00:00" hostname="10282c5eb096"><testcase classname="tests.unit.test_security" name="test_password_hashing" time="0.146" /><testcase classname="tests.unit.test_security" name="test_same_password_has_different_valid_hashes" time="0.173" /><testcase classname="tests.component.test_app_producer" name="test_inventory_request_is_sent" time="0.000" /><testcase classname="tests.component.test_inventory_producer" name="test_inventory_answer_is_sent" time="0.000" /></testsuite></testsuites>