<?xml version="1.0" encoding="utf-8"?><testsuites name="pytest tests"><testsuite name="pytest" errors="0" failures="3" skipped="0" tests="5" time="0.931" timestamp="2026-09-13T10:26:46.328646+00:00" hostname="b6037389f12a"><testcase classname="tests.integration.test_chat_api" name="test_user_can_send_message" time="0.142" /><testcase classname="tests.integration.test_chat_api" name="test_sent_message_appears_in_chat" time="0.115" /><testcase classname="tests.integration.test_get" name="test_user_can_log_in" time="0.016"><failure message="urllib.error.URLError: &lt;urlopen error [Errno 111] Connection refused&gt;">self = &lt;urllib.request.HTTPHandler object at 0x75123ded4a50&gt;, http_class = &lt;class 'http.client.HTTPConnection'&gt;, req = &lt;urllib.request.Request object at 0x75123df67bf0&gt;, http_conn_args = {}

    def do_open(self, http_class, req, **http_conn_args):
        """Return an HTTPResponse object for the request, using http_class.
    
        http_class must implement the HTTPConnection API from http.client.
        """
        host = req.host
        if not host:
            raise URLError('no host given')
    
        # will parse host:port
        h = http_class(host, timeout=req.timeout, **http_conn_args)
        h.set_debuglevel(self._debuglevel)
    
        headers = dict(req.unredirected_hdrs)
        headers.update({k: v for k, v in req.headers.items()
                        if k not in headers})
    
        # TODO(jhylton): Should this be redesigned to handle
        # persistent connections?
    
        # We want to make an HTTP/1.1 request, but the addinfourl
        # class isn't prepared to deal with a persistent connection.
        # It will try to read all remaining data from the socket,
        # which will block while the server waits for the next request.
        # So make sure the connection gets closed after the (only)
        # request.
        headers["Connection"] = "close"
        headers = {name.title(): val for name, val in headers.items()}
    
        if req._tunnel_host:
            tunnel_headers = {}
            proxy_auth_hdr = "Proxy-Authorization"
            if proxy_auth_hdr in headers:
                tunnel_headers[proxy_auth_hdr] = headers[proxy_auth_hdr]
                # Proxy-Authorization should not be sent to origin
                # server.
                del headers[proxy_auth_hdr]
            h.set_tunnel(req._tunnel_host, headers=tunnel_headers)
    
        try:
            try:
&gt;               h.request(req.get_method(), req.selector, req.data, headers,
                          encode_chunked=req.has_header('Transfer-encoding'))

/usr/local/lib/python3.14/urllib/request.py:1321: 
_ _ _ _ _ _ _ _ _ _ _ _ _ _ _ _ _ _ _ _ _ _ _ _ _ _ _ _ _ _ _ _ _ _ _ _ _ _ _ _ _ _ _ _ _ _ _ _ _ _ _ _ _ _ _ _ _ _ _ _ _ _ _ _ _ _ _ _ _ _ _ _ _ _ _ _ _ _ _ _ _ _ _ _ _ _ _ _ _ _ _ _ _ _ _ _ _ _ _ _ _ _ _ _ _ _ _ _ _ _ _ _ _ _
/usr/local/lib/python3.14/http/client.py:1338: in request
    self._send_request(method, url, body, headers, encode_chunked)
/usr/local/lib/python3.14/http/client.py:1384: in _send_request
    self.endheaders(body, encode_chunked=encode_chunked)
/usr/local/lib/python3.14/http/client.py:1333: in endheaders
    self._send_output(message_body, encode_chunked=encode_chunked)
/usr/local/lib/python3.14/http/client.py:1093: in _send_output
    self.send(msg)
/usr/local/lib/python3.14/http/client.py:1037: in send
    self.connect()
/usr/local/lib/python3.14/http/client.py:1003: in connect
    self.sock = self._create_connection(
/usr/local/lib/python3.14/socket.py:870: in create_connection
    raise exceptions[0]
_ _ _ _ _ _ _ _ _ _ _ _ _ _ _ _ _ _ _ _ _ _ _ _ _ _ _ _ _ _ _ _ _ _ _ _ _ _ _ _ _ _ _ _ _ _ _ _ _ _ _ _ _ _ _ _ _ _ _ _ _ _ _ _ _ _ _ _ _ _ _ _ _ _ _ _ _ _ _ _ _ _ _ _ _ _ _ _ _ _ _ _ _ _ _ _ _ _ _ _ _ _ _ _ _ _ _ _ _ _ _ _ _ _

address = ('localhost', 80), timeout = 10, source_address = None, all_errors = False

    def create_connection(address, timeout=_GLOBAL_DEFAULT_TIMEOUT,
                          source_address=None, *, all_errors=False):
        """Connect to *address* and return the socket object.
    
        Convenience function.  Connect to *address* (a 2-tuple ``(host,
        port)``) and return the socket object.  Passing the optional
        *timeout* parameter will set the timeout on the socket instance
        before attempting to connect.  If no *timeout* is supplied, the
        global default timeout setting returned by :func:`getdefaulttimeout`
        is used.  If *source_address* is set it must be a tuple of (host, port)
        for the socket to bind as a source address before making the connection.
        A host of '' or port 0 tells the OS to use the default. When a connection
        cannot be created, raises the last error if *all_errors* is False,
        and an ExceptionGroup of all errors if *all_errors* is True.
        """
    
        host, port = address
        exceptions = []
        for res in getaddrinfo(host, port, 0, SOCK_STREAM):
            af, socktype, proto, canonname, sa = res
            sock = None
            try:
                sock = socket(af, socktype, proto)
                if timeout is not _GLOBAL_DEFAULT_TIMEOUT:
                    sock.settimeout(timeout)
                if source_address:
                    sock.bind(source_address)
&gt;               sock.connect(sa)
E               ConnectionRefusedError: [Errno 111] Connection refused

/usr/local/lib/python3.14/socket.py:855: ConnectionRefusedError

During handling of the above exception, another exception occurred:

    @pytest.mark.integration
    def test_user_can_log_in():
        email=f"{uuid4()}@mail.ru"
        pswd=f"{uuid4()}"
        try:
            registration = Request(
                f"http://localhost/registration",
                data=json.dumps(
                    {"name": "Test User",
                     "email": email,
                     "password": pswd}
                ).encode(),
                headers={"Content-Type": "application/json"},
                method="POST",
            )
&gt;           with urlopen(registration, timeout=10) as response:
                 ^^^^^^^^^^^^^^^^^^^^^^^^^^^^^^^^^

tests/integration/test_get.py:25: 
_ _ _ _ _ _ _ _ _ _ _ _ _ _ _ _ _ _ _ _ _ _ _ _ _ _ _ _ _ _ _ _ _ _ _ _ _ _ _ _ _ _ _ _ _ _ _ _ _ _ _ _ _ _ _ _ _ _ _ _ _ _ _ _ _ _ _ _ _ _ _ _ _ _ _ _ _ _ _ _ _ _ _ _ _ _ _ _ _ _ _ _ _ _ _ _ _ _ _ _ _ _ _ _ _ _ _ _ _ _ _ _ _ _
/usr/local/lib/python3.14/urllib/request.py:187: in urlopen
    return opener.open(url, data, timeout)
           ^^^^^^^^^^^^^^^^^^^^^^^^^^^^^^^
/usr/local/lib/python3.14/urllib/request.py:487: in open
    response = self._open(req, data)
               ^^^^^^^^^^^^^^^^^^^^^
/usr/local/lib/python3.14/urllib/request.py:504: in _open
    result = self._call_chain(self.handle_open, protocol, protocol +
/usr/local/lib/python3.14/urllib/request.py:464: in _call_chain
    result = func(*args)
             ^^^^^^^^^^^
/usr/local/lib/python3.14/urllib/request.py:1350: in http_open
    return self.do_open(http.client.HTTPConnection, req)
           ^^^^^^^^^^^^^^^^^^^^^^^^^^^^^^^^^^^^^^^^^^^^^
_ _ _ _ _ _ _ _ _ _ _ _ _ _ _ _ _ _ _ _ _ _ _ _ _ _ _ _ _ _ _ _ _ _ _ _ _ _ _ _ _ _ _ _ _ _ _ _ _ _ _ _ _ _ _ _ _ _ _ _ _ _ _ _ _ _ _ _ _ _ _ _ _ _ _ _ _ _ _ _ _ _ _ _ _ _ _ _ _ _ _ _ _ _ _ _ _ _ _ _ _ _ _ _ _ _ _ _ _ _ _ _ _ _

self = &lt;urllib.request.HTTPHandler object at 0x75123ded4a50&gt;, http_class = &lt;class 'http.client.HTTPConnection'&gt;, req = &lt;urllib.request.Request object at 0x75123df67bf0&gt;, http_conn_args = {}

    def do_open(self, http_class, req, **http_conn_args):
        """Return an HTTPResponse object for the request, using http_class.
    
        http_class must implement the HTTPConnection API from http.client.
        """
        host = req.host
        if not host:
            raise URLError('no host given')
    
        # will parse host:port
        h = http_class(host, timeout=req.timeout, **http_conn_args)
        h.set_debuglevel(self._debuglevel)
    
        headers = dict(req.unredirected_hdrs)
        headers.update({k: v for k, v in req.headers.items()
                        if k not in headers})
    
        # TODO(jhylton): Should this be redesigned to handle
        # persistent connections?
    
        # We want to make an HTTP/1.1 request, but the addinfourl
        # class isn't prepared to deal with a persistent connection.
        # It will try to read all remaining data from the socket,
        # which will block while the server waits for the next request.
        # So make sure the connection gets closed after the (only)
        # request.
        headers["Connection"] = "close"
        headers = {name.title(): val for name, val in headers.items()}
    
        if req._tunnel_host:
            tunnel_headers = {}
            proxy_auth_hdr = "Proxy-Authorization"
            if proxy_auth_hdr in headers:
                tunnel_headers[proxy_auth_hdr] = headers[proxy_auth_hdr]
                # Proxy-Authorization should not be sent to origin
                # server.
                del headers[proxy_auth_hdr]
            h.set_tunnel(req._tunnel_host, headers=tunnel_headers)
    
        try:
            try:
                h.request(req.get_method(), req.selector, req.data, headers,
                          encode_chunked=req.has_header('Transfer-encoding'))
            except OSError as err: # timeout error
&gt;               raise URLError(err)
E               urllib.error.URLError: &lt;urlopen error [Errno 111] Connection refused&gt;

/usr/local/lib/python3.14/urllib/request.py:1324: URLError</failure></testcase><testcase classname="tests.integration.test_http_api" name="test_user_can_log_in" time="0.008"><failure message="urllib.error.URLError: &lt;urlopen error [Errno 111] Connection refused&gt;">self = &lt;urllib.request.HTTPHandler object at 0x75123ded4a50&gt;, http_class = &lt;class 'http.client.HTTPConnection'&gt;, req = &lt;urllib.request.Request object at 0x75123df2d150&gt;, http_conn_args = {}

    def do_open(self, http_class, req, **http_conn_args):
        """Return an HTTPResponse object for the request, using http_class.
    
        http_class must implement the HTTPConnection API from http.client.
        """
        host = req.host
        if not host:
            raise URLError('no host given')
    
        # will parse host:port
        h = http_class(host, timeout=req.timeout, **http_conn_args)
        h.set_debuglevel(self._debuglevel)
    
        headers = dict(req.unredirected_hdrs)
        headers.update({k: v for k, v in req.headers.items()
                        if k not in headers})
    
        # TODO(jhylton): Should this be redesigned to handle
        # persistent connections?
    
        # We want to make an HTTP/1.1 request, but the addinfourl
        # class isn't prepared to deal with a persistent connection.
        # It will try to read all remaining data from the socket,
        # which will block while the server waits for the next request.
        # So make sure the connection gets closed after the (only)
        # request.
        headers["Connection"] = "close"
        headers = {name.title(): val for name, val in headers.items()}
    
        if req._tunnel_host:
            tunnel_headers = {}
            proxy_auth_hdr = "Proxy-Authorization"
            if proxy_auth_hdr in headers:
                tunnel_headers[proxy_auth_hdr] = headers[proxy_auth_hdr]
                # Proxy-Authorization should not be sent to origin
                # server.
                del headers[proxy_auth_hdr]
            h.set_tunnel(req._tunnel_host, headers=tunnel_headers)
    
        try:
            try:
&gt;               h.request(req.get_method(), req.selector, req.data, headers,
                          encode_chunked=req.has_header('Transfer-encoding'))

/usr/local/lib/python3.14/urllib/request.py:1321: 
_ _ _ _ _ _ _ _ _ _ _ _ _ _ _ _ _ _ _ _ _ _ _ _ _ _ _ _ _ _ _ _ _ _ _ _ _ _ _ _ _ _ _ _ _ _ _ _ _ _ _ _ _ _ _ _ _ _ _ _ _ _ _ _ _ _ _ _ _ _ _ _ _ _ _ _ _ _ _ _ _ _ _ _ _ _ _ _ _ _ _ _ _ _ _ _ _ _ _ _ _ _ _ _ _ _ _ _ _ _ _ _ _ _
/usr/local/lib/python3.14/http/client.py:1338: in request
    self._send_request(method, url, body, headers, encode_chunked)
/usr/local/lib/python3.14/http/client.py:1384: in _send_request
    self.endheaders(body, encode_chunked=encode_chunked)
/usr/local/lib/python3.14/http/client.py:1333: in endheaders
    self._send_output(message_body, encode_chunked=encode_chunked)
/usr/local/lib/python3.14/http/client.py:1093: in _send_output
    self.send(msg)
/usr/local/lib/python3.14/http/client.py:1037: in send
    self.connect()
/usr/local/lib/python3.14/http/client.py:1003: in connect
    self.sock = self._create_connection(
/usr/local/lib/python3.14/socket.py:870: in create_connection
    raise exceptions[0]
_ _ _ _ _ _ _ _ _ _ _ _ _ _ _ _ _ _ _ _ _ _ _ _ _ _ _ _ _ _ _ _ _ _ _ _ _ _ _ _ _ _ _ _ _ _ _ _ _ _ _ _ _ _ _ _ _ _ _ _ _ _ _ _ _ _ _ _ _ _ _ _ _ _ _ _ _ _ _ _ _ _ _ _ _ _ _ _ _ _ _ _ _ _ _ _ _ _ _ _ _ _ _ _ _ _ _ _ _ _ _ _ _ _

address = ('localhost', 80), timeout = 10, source_address = None, all_errors = False

    def create_connection(address, timeout=_GLOBAL_DEFAULT_TIMEOUT,
                          source_address=None, *, all_errors=False):
        """Connect to *address* and return the socket object.
    
        Convenience function.  Connect to *address* (a 2-tuple ``(host,
        port)``) and return the socket object.  Passing the optional
        *timeout* parameter will set the timeout on the socket instance
        before attempting to connect.  If no *timeout* is supplied, the
        global default timeout setting returned by :func:`getdefaulttimeout`
        is used.  If *source_address* is set it must be a tuple of (host, port)
        for the socket to bind as a source address before making the connection.
        A host of '' or port 0 tells the OS to use the default. When a connection
        cannot be created, raises the last error if *all_errors* is False,
        and an ExceptionGroup of all errors if *all_errors* is True.
        """
    
        host, port = address
        exceptions = []
        for res in getaddrinfo(host, port, 0, SOCK_STREAM):
            af, socktype, proto, canonname, sa = res
            sock = None
            try:
                sock = socket(af, socktype, proto)
                if timeout is not _GLOBAL_DEFAULT_TIMEOUT:
                    sock.settimeout(timeout)
                if source_address:
                    sock.bind(source_address)
&gt;               sock.connect(sa)
E               ConnectionRefusedError: [Errno 111] Connection refused

/usr/local/lib/python3.14/socket.py:855: ConnectionRefusedError

During handling of the above exception, another exception occurred:

    @pytest.mark.integration
    def test_user_can_log_in():
        email=f"{uuid4()}@mail.ru"
        pswd=f"{uuid4()}"
        try:
            registration = Request(
                f"http://localhost/registration",
                data=json.dumps(
                    {"name": "Test User",
                     "email": email,
                     "password": pswd}
                ).encode(),
                headers={"Content-Type": "application/json"},
                method="POST",
            )
&gt;           with urlopen(registration, timeout=10) as response:
                 ^^^^^^^^^^^^^^^^^^^^^^^^^^^^^^^^^

tests/integration/test_http_api.py:24: 
_ _ _ _ _ _ _ _ _ _ _ _ _ _ _ _ _ _ _ _ _ _ _ _ _ _ _ _ _ _ _ _ _ _ _ _ _ _ _ _ _ _ _ _ _ _ _ _ _ _ _ _ _ _ _ _ _ _ _ _ _ _ _ _ _ _ _ _ _ _ _ _ _ _ _ _ _ _ _ _ _ _ _ _ _ _ _ _ _ _ _ _ _ _ _ _ _ _ _ _ _ _ _ _ _ _ _ _ _ _ _ _ _ _
/usr/local/lib/python3.14/urllib/request.py:187: in urlopen
    return opener.open(url, data, timeout)
           ^^^^^^^^^^^^^^^^^^^^^^^^^^^^^^^
/usr/local/lib/python3.14/urllib/request.py:487: in open
    response = self._open(req, data)
               ^^^^^^^^^^^^^^^^^^^^^
/usr/local/lib/python3.14/urllib/request.py:504: in _open
    result = self._call_chain(self.handle_open, protocol, protocol +
/usr/local/lib/python3.14/urllib/request.py:464: in _call_chain
    result = func(*args)
             ^^^^^^^^^^^
/usr/local/lib/python3.14/urllib/request.py:1350: in http_open
    return self.do_open(http.client.HTTPConnection, req)
           ^^^^^^^^^^^^^^^^^^^^^^^^^^^^^^^^^^^^^^^^^^^^^
_ _ _ _ _ _ _ _ _ _ _ _ _ _ _ _ _ _ _ _ _ _ _ _ _ _ _ _ _ _ _ _ _ _ _ _ _ _ _ _ _ _ _ _ _ _ _ _ _ _ _ _ _ _ _ _ _ _ _ _ _ _ _ _ _ _ _ _ _ _ _ _ _ _ _ _ _ _ _ _ _ _ _ _ _ _ _ _ _ _ _ _ _ _ _ _ _ _ _ _ _ _ _ _ _ _ _ _ _ _ _ _ _ _

self = &lt;urllib.request.HTTPHandler object at 0x75123ded4a50&gt;, http_class = &lt;class 'http.client.HTTPConnection'&gt;, req = &lt;urllib.request.Request object at 0x75123df2d150&gt;, http_conn_args = {}

    def do_open(self, http_class, req, **http_conn_args):
        """Return an HTTPResponse object for the request, using http_class.
    
        http_class must implement the HTTPConnection API from http.client.
        """
        host = req.host
        if not host:
            raise URLError('no host given')
    
        # will parse host:port
        h = http_class(host, timeout=req.timeout, **http_conn_args)
        h.set_debuglevel(self._debuglevel)
    
        headers = dict(req.unredirected_hdrs)
        headers.update({k: v for k, v in req.headers.items()
                        if k not in headers})
    
        # TODO(jhylton): Should this be redesigned to handle
        # persistent connections?
    
        # We want to make an HTTP/1.1 request, but the addinfourl
        # class isn't prepared to deal with a persistent connection.
        # It will try to read all remaining data from the socket,
        # which will block while the server waits for the next request.
        # So make sure the connection gets closed after the (only)
        # request.
        headers["Connection"] = "close"
        headers = {name.title(): val for name, val in headers.items()}
    
        if req._tunnel_host:
            tunnel_headers = {}
            proxy_auth_hdr = "Proxy-Authorization"
            if proxy_auth_hdr in headers:
                tunnel_headers[proxy_auth_hdr] = headers[proxy_auth_hdr]
                # Proxy-Authorization should not be sent to origin
                # server.
                del headers[proxy_auth_hdr]
            h.set_tunnel(req._tunnel_host, headers=tunnel_headers)
    
        try:
            try:
                h.request(req.get_method(), req.selector, req.data, headers,
                          encode_chunked=req.has_header('Transfer-encoding'))
            except OSError as err: # timeout error
&gt;               raise URLError(err)
E               urllib.error.URLError: &lt;urlopen error [Errno 111] Connection refused&gt;

/usr/local/lib/python3.14/urllib/request.py:1324: URLError</failure></testcase><testcase classname="tests.integration.test_unautho" name="test_user_can_log_in" time="0.072"><failure message="urllib.error.URLError: &lt;urlopen error [Errno 111] Connection refused&gt;">self = &lt;urllib.request.HTTPHandler object at 0x75123ded4a50&gt;, http_class = &lt;class 'http.client.HTTPConnection'&gt;, req = &lt;urllib.request.Request object at 0x75123df6ee50&gt;, http_conn_args = {}

    def do_open(self, http_class, req, **http_conn_args):
        """Return an HTTPResponse object for the request, using http_class.
    
        http_class must implement the HTTPConnection API from http.client.
        """
        host = req.host
        if not host:
            raise URLError('no host given')
    
        # will parse host:port
        h = http_class(host, timeout=req.timeout, **http_conn_args)
        h.set_debuglevel(self._debuglevel)
    
        headers = dict(req.unredirected_hdrs)
        headers.update({k: v for k, v in req.headers.items()
                        if k not in headers})
    
        # TODO(jhylton): Should this be redesigned to handle
        # persistent connections?
    
        # We want to make an HTTP/1.1 request, but the addinfourl
        # class isn't prepared to deal with a persistent connection.
        # It will try to read all remaining data from the socket,
        # which will block while the server waits for the next request.
        # So make sure the connection gets closed after the (only)
        # request.
        headers["Connection"] = "close"
        headers = {name.title(): val for name, val in headers.items()}
    
        if req._tunnel_host:
            tunnel_headers = {}
            proxy_auth_hdr = "Proxy-Authorization"
            if proxy_auth_hdr in headers:
                tunnel_headers[proxy_auth_hdr] = headers[proxy_auth_hdr]
                # Proxy-Authorization should not be sent to origin
                # server.
                del headers[proxy_auth_hdr]
            h.set_tunnel(req._tunnel_host, headers=tunnel_headers)
    
        try:
            try:
&gt;               h.request(req.get_method(), req.selector, req.data, headers,
                          encode_chunked=req.has_header('Transfer-encoding'))

/usr/local/lib/python3.14/urllib/request.py:1321: 
_ _ _ _ _ _ _ _ _ _ _ _ _ _ _ _ _ _ _ _ _ _ _ _ _ _ _ _ _ _ _ _ _ _ _ _ _ _ _ _ _ _ _ _ _ _ _ _ _ _ _ _ _ _ _ _ _ _ _ _ _ _ _ _ _ _ _ _ _ _ _ _ _ _ _ _ _ _ _ _ _ _ _ _ _ _ _ _ _ _ _ _ _ _ _ _ _ _ _ _ _ _ _ _ _ _ _ _ _ _ _ _ _ _
/usr/local/lib/python3.14/http/client.py:1338: in request
    self._send_request(method, url, body, headers, encode_chunked)
/usr/local/lib/python3.14/http/client.py:1384: in _send_request
    self.endheaders(body, encode_chunked=encode_chunked)
/usr/local/lib/python3.14/http/client.py:1333: in endheaders
    self._send_output(message_body, encode_chunked=encode_chunked)
/usr/local/lib/python3.14/http/client.py:1093: in _send_output
    self.send(msg)
/usr/local/lib/python3.14/http/client.py:1037: in send
    self.connect()
/usr/local/lib/python3.14/http/client.py:1003: in connect
    self.sock = self._create_connection(
/usr/local/lib/python3.14/socket.py:870: in create_connection
    raise exceptions[0]
_ _ _ _ _ _ _ _ _ _ _ _ _ _ _ _ _ _ _ _ _ _ _ _ _ _ _ _ _ _ _ _ _ _ _ _ _ _ _ _ _ _ _ _ _ _ _ _ _ _ _ _ _ _ _ _ _ _ _ _ _ _ _ _ _ _ _ _ _ _ _ _ _ _ _ _ _ _ _ _ _ _ _ _ _ _ _ _ _ _ _ _ _ _ _ _ _ _ _ _ _ _ _ _ _ _ _ _ _ _ _ _ _ _

address = ('localhost', 80), timeout = 10, source_address = None, all_errors = False

    def create_connection(address, timeout=_GLOBAL_DEFAULT_TIMEOUT,
                          source_address=None, *, all_errors=False):
        """Connect to *address* and return the socket object.
    
        Convenience function.  Connect to *address* (a 2-tuple ``(host,
        port)``) and return the socket object.  Passing the optional
        *timeout* parameter will set the timeout on the socket instance
        before attempting to connect.  If no *timeout* is supplied, the
        global default timeout setting returned by :func:`getdefaulttimeout`
        is used.  If *source_address* is set it must be a tuple of (host, port)
        for the socket to bind as a source address before making the connection.
        A host of '' or port 0 tells the OS to use the default. When a connection
        cannot be created, raises the last error if *all_errors* is False,
        and an ExceptionGroup of all errors if *all_errors* is True.
        """
    
        host, port = address
        exceptions = []
        for res in getaddrinfo(host, port, 0, SOCK_STREAM):
            af, socktype, proto, canonname, sa = res
            sock = None
            try:
                sock = socket(af, socktype, proto)
                if timeout is not _GLOBAL_DEFAULT_TIMEOUT:
                    sock.settimeout(timeout)
                if source_address:
                    sock.bind(source_address)
&gt;               sock.connect(sa)
E               ConnectionRefusedError: [Errno 111] Connection refused

/usr/local/lib/python3.14/socket.py:855: ConnectionRefusedError

During handling of the above exception, another exception occurred:

    @pytest.mark.integration
    def test_user_can_log_in():
        email=f"{uuid4()}@mail.ru"
        pswd=f"{uuid4()}"
        try:
            registration = Request(
                f"{os.getenv('TEST_BASE_URL')}/registration",
                data=json.dumps(
                    {"name": "Test User",
                     "email": email,
                     "password": pswd}
                ).encode(),
                headers={"Content-Type": "application/json"},
                method="POST",
            )
            with urlopen(registration, timeout=10) as response:
                assert response.status == 200
            try:
                login = Request(f"http://localhost/login",
                                data=json.dumps(
                                    {"name": "Test User",
                                     "email": email,
                                     "password": "fsafkjhf"}
                                ).encode(),
                                headers={"Content-Type": "application/json"},
                                method="POST", )
&gt;               with urlopen(login, timeout=10) as response:
                     ^^^^^^^^^^^^^^^^^^^^^^^^^^

tests/integration/test_unautho.py:36: 
_ _ _ _ _ _ _ _ _ _ _ _ _ _ _ _ _ _ _ _ _ _ _ _ _ _ _ _ _ _ _ _ _ _ _ _ _ _ _ _ _ _ _ _ _ _ _ _ _ _ _ _ _ _ _ _ _ _ _ _ _ _ _ _ _ _ _ _ _ _ _ _ _ _ _ _ _ _ _ _ _ _ _ _ _ _ _ _ _ _ _ _ _ _ _ _ _ _ _ _ _ _ _ _ _ _ _ _ _ _ _ _ _ _
/usr/local/lib/python3.14/urllib/request.py:187: in urlopen
    return opener.open(url, data, timeout)
           ^^^^^^^^^^^^^^^^^^^^^^^^^^^^^^^
/usr/local/lib/python3.14/urllib/request.py:487: in open
    response = self._open(req, data)
               ^^^^^^^^^^^^^^^^^^^^^
/usr/local/lib/python3.14/urllib/request.py:504: in _open
    result = self._call_chain(self.handle_open, protocol, protocol +
/usr/local/lib/python3.14/urllib/request.py:464: in _call_chain
    result = func(*args)
             ^^^^^^^^^^^
/usr/local/lib/python3.14/urllib/request.py:1350: in http_open
    return self.do_open(http.client.HTTPConnection, req)
           ^^^^^^^^^^^^^^^^^^^^^^^^^^^^^^^^^^^^^^^^^^^^^
_ _ _ _ _ _ _ _ _ _ _ _ _ _ _ _ _ _ _ _ _ _ _ _ _ _ _ _ _ _ _ _ _ _ _ _ _ _ _ _ _ _ _ _ _ _ _ _ _ _ _ _ _ _ _ _ _ _ _ _ _ _ _ _ _ _ _ _ _ _ _ _ _ _ _ _ _ _ _ _ _ _ _ _ _ _ _ _ _ _ _ _ _ _ _ _ _ _ _ _ _ _ _ _ _ _ _ _ _ _ _ _ _ _

self = &lt;urllib.request.HTTPHandler object at 0x75123ded4a50&gt;, http_class = &lt;class 'http.client.HTTPConnection'&gt;, req = &lt;urllib.request.Request object at 0x75123df6ee50&gt;, http_conn_args = {}

    def do_open(self, http_class, req, **http_conn_args):
        """Return an HTTPResponse object for the request, using http_class.
    
        http_class must implement the HTTPConnection API from http.client.
        """
        host = req.host
        if not host:
            raise URLError('no host given')
    
        # will parse host:port
        h = http_class(host, timeout=req.timeout, **http_conn_args)
        h.set_debuglevel(self._debuglevel)
    
        headers = dict(req.unredirected_hdrs)
        headers.update({k: v for k, v in req.headers.items()
                        if k not in headers})
    
        # TODO(jhylton): Should this be redesigned to handle
        # persistent connections?
    
        # We want to make an HTTP/1.1 request, but the addinfourl
        # class isn't prepared to deal with a persistent connection.
        # It will try to read all remaining data from the socket,
        # which will block while the server waits for the next request.
        # So make sure the connection gets closed after the (only)
        # request.
        headers["Connection"] = "close"
        headers = {name.title(): val for name, val in headers.items()}
    
        if req._tunnel_host:
            tunnel_headers = {}
            proxy_auth_hdr = "Proxy-Authorization"
            if proxy_auth_hdr in headers:
                tunnel_headers[proxy_auth_hdr] = headers[proxy_auth_hdr]
                # Proxy-Authorization should not be sent to origin
                # server.
                del headers[proxy_auth_hdr]
            h.set_tunnel(req._tunnel_host, headers=tunnel_headers)
    
        try:
            try:
                h.request(req.get_method(), req.selector, req.data, headers,
                          encode_chunked=req.has_header('Transfer-encoding'))
            except OSError as err: # timeout error
&gt;               raise URLError(err)
E               urllib.error.URLError: &lt;urlopen error [Errno 111] Connection refused&gt;

/usr/local/lib/python3.14/urllib/request.py:1324: URLError</failure></testcase></testsuite></testsuites>